
> finnish-recipe-website@2.0.0 build
> astro check && astro build

17:25:49 [content] Syncing content
17:25:49 [content] Synced content
17:25:49 [types] Generated 589ms
17:25:49 [check] Getting diagnostics for Astro files in /home/tomi/Sync/Website...
[96mastro.config.mjs[0m:[93m132[0m:[93m25[0m - [93mwarning[0m[90m ts(7044): [0mParameter 'folder' implicitly has an 'any' type, but a better type may be inferred from usage.

[7m132[0m     async function walk(folder) {
[7m   [0m [93m                        ~~~~~~[0m
[96mastro.config.mjs[0m:[93m131[0m:[93m27[0m - [93mwarning[0m[90m ts(7044): [0mParameter 'distPath' implicitly has an 'any' type, but a better type may be inferred from usage.

[7m131[0m   async function optimize(distPath) {
[7m   [0m [93m                          ~~~~~~~~[0m

[96msrc/components/SimpleFilterSystem.jsx[0m:[93m311[0m:[93m39[0m - [93mwarning[0m[90m ts(6133): [0m'index' is declared but its value is never read.

[7m311[0m         {filterSections.map((section, index) => {
[7m   [0m [93m                                      ~~~~~[0m
[96msrc/components/SimpleFilterSystem.jsx[0m:[93m68[0m:[93m10[0m - [93mwarning[0m[90m ts(6133): [0m'visibleCount' is declared but its value is never read.

[7m68[0m   const [visibleCount, setVisibleCount] = useState(0);
[7m  [0m [93m         ~~~~~~~~~~~~[0m
[96msrc/components/SimpleFilterSystem.jsx[0m:[93m64[0m:[93m3[0m - [93mwarning[0m[90m ts(6133): [0m'resultsCountText' is declared but its value is never read.

[7m64[0m   resultsCountText = "tulosta löytyi"
[7m  [0m [93m  ~~~~~~~~~~~~~~~~[0m

[96msrc/layouts/Layout.astro[0m:[93m62[0m:[93m7[0m - [93mwarning[0m[90m ts(6133): [0m'showSidebar' is declared but its value is never read.

[7m62[0m const showSidebar = currentPath !== '/';
[7m  [0m [93m      ~~~~~~~~~~~[0m
[96msrc/layouts/Layout.astro[0m:[93m47[0m:[93m5[0m - [93mwarning[0m[90m ts(6133): [0m'backPath' is declared but its value is never read.

[7m47[0m let backPath = '/';
[7m  [0m [93m    ~~~~~~~~[0m
[96msrc/layouts/Layout.astro[0m:[93m40[0m:[93m54[0m - [93mwarning[0m[90m ts(6133): [0m'needsWikiLinks' is declared but its value is never read.

[7m40[0m const { title, metaDescription, tocHeadings, hasToc, needsWikiLinks = false } = Astro.props;
[7m  [0m [93m                                                     ~~~~~~~~~~~~~~[0m

[96msrc/pages/hakemisto.astro[0m:[93m280[0m:[93m45[0m - [93mwarning[0m[90m ts(7044): [0mParameter 'item' implicitly has an 'any' type, but a better type may be inferred from usage.

[7m280[0m           const typeItems = allItems.filter(item => item.type === type.id);
[7m   [0m [93m                                            ~~~~[0m
[96msrc/pages/hakemisto.astro[0m:[93m135[0m:[93m7[0m - [93mwarning[0m[90m ts(6133): [0m'mainFilterSections' is declared but its value is never read.

[7m135[0m const mainFilterSections = [
[7m   [0m [93m      ~~~~~~~~~~~~~~~~~~[0m
[96msrc/pages/hakemisto.astro[0m:[93m121[0m:[93m7[0m - [93mwarning[0m[90m ts(6133): [0m'alphabetLinks' is declared but its value is never read.

[7m121[0m const alphabetLinks = activeLetters.map(letter => ({
[7m   [0m [93m      ~~~~~~~~~~~~~[0m
[96msrc/pages/hakemisto.astro[0m:[93m88[0m:[93m7[0m - [93mwarning[0m[90m ts(6133): [0m'getOptimizedImageUrl' is declared but its value is never read.

[7m88[0m const getOptimizedImageUrl = (item: any, size: 'small' | 'large' = 'small') => {
[7m  [0m [93m      ~~~~~~~~~~~~~~~~~~~~[0m
[96msrc/pages/hakemisto.astro[0m:[93m41[0m:[93m71[0m - [93mwarning[0m[90m ts(6133): [0m'techniqueItems' is declared but its value is never read.

[7m41[0m const { allItems, ingredients, equipment: equipmentItems, techniques: techniqueItems, categories: dataCategories } = processedData;
[7m  [0m [93m                                                                      ~~~~~~~~~~~~~~[0m
[96msrc/pages/hakemisto.astro[0m:[93m41[0m:[93m43[0m - [93mwarning[0m[90m ts(6133): [0m'equipmentItems' is declared but its value is never read.

[7m41[0m const { allItems, ingredients, equipment: equipmentItems, techniques: techniqueItems, categories: dataCategories } = processedData;
[7m  [0m [93m                                          ~~~~~~~~~~~~~~[0m

[96msrc/pages/reseptit/[...slug].astro[0m:[93m94[0m:[93m7[0m - [93mwarning[0m[90m ts(6133): [0m'hasIngredientLinks' is declared but its value is never read.

[7m94[0m const hasIngredientLinks = true;
[7m  [0m [93m      ~~~~~~~~~~~~~~~~~~[0m

[96msrc/scripts/recipe-interactions.ts[0m:[93m838[0m:[93m10[0m - [93mwarning[0m[90m ts(6133): [0m'cleanupNavigationHandlers' is declared but its value is never read.

[7m838[0m function cleanupNavigationHandlers(): void {
[7m   [0m [93m         ~~~~~~~~~~~~~~~~~~~~~~~~~[0m
[96msrc/scripts/recipe-interactions.ts[0m:[93m816[0m:[93m5[0m - [93mwarning[0m[90m ts(6133): [0m'isInitialized' is declared but its value is never read.

[7m816[0m let isInitialized = false;
[7m   [0m [93m    ~~~~~~~~~~~~~[0m
[96msrc/scripts/recipe-interactions.ts[0m:[93m54[0m:[93m11[0m - [93mwarning[0m[90m ts(6196): [0m'SectionContent' is declared but never used.

[7m54[0m interface SectionContent {
[7m  [0m [93m          ~~~~~~~~~~~~~~[0m
[96msrc/scripts/recipe-interactions.ts[0m:[93m33[0m:[93m1[0m - [93mwarning[0m[90m ts(6133): [0m'RecipeTimer' is declared but its value is never read.

[7m33[0m import RecipeTimer from './timer';
[7m  [0m [93m~~~~~~~~~~~~~~~~~~~~~~~~~~~~~~~~~~[0m

[96msrc/scripts/site-interactions.ts[0m:[93m42[0m:[93m11[0m - [93mwarning[0m[90m ts(6196): [0m'SiteInteractionsInstance' is declared but never used.

[7m42[0m interface SiteInteractionsInstance {
[7m  [0m [93m          ~~~~~~~~~~~~~~~~~~~~~~~~[0m

[96msrc/scripts/timer.ts[0m:[93m26[0m:[93m5[0m - [93mwarning[0m[90m ts(6133): [0m'timerPopover' is declared but its value is never read.

[7m26[0m let timerPopover: HTMLElement | null = null;
[7m  [0m [93m    ~~~~~~~~~~~~[0m

[96msrc/utils/normalization.ts[0m:[93m7[0m:[93m42[0m - [93mwarning[0m[90m ts(7044): [0mParameter 'str' implicitly has an 'any' type, but a better type may be inferred from usage.

[7m7[0m export function normalizeForIngredientId(str) {
[7m [0m [93m                                         ~~~[0m
[96msrc/utils/normalization.ts[0m:[93m7[0m:[93m17[0m - [93mwarning[0m[90m ts(80004): [0mJSDoc types may be moved to TypeScript types.

[7m7[0m export function normalizeForIngredientId(str) {
[7m [0m [93m                ~~~~~~~~~~~~~~~~~~~~~~~~[0m

Result (32 files): 
- 0 errors
- 0 warnings
- 23 hints

17:25:54 [content] Syncing content
17:25:54 [content] Synced content
17:25:54 [types] Generated 390ms
17:25:54 [build] output: "static"
17:25:54 [build] mode: "static"
17:25:54 [build] directory: /home/tomi/Sync/Website/dist/
17:25:54 [build] Collecting build info...
17:25:54 [build] ✓ Completed in 415ms.
17:25:54 [build] Building static entrypoints...
17:25:59 [vite] ✓ built in 4.39s
17:25:59 [build] ✓ Completed in 4.43s.

 building client (vite) 
17:25:59 [vite] transforming...
17:25:59 [vite] ✓ 44 modules transformed.
17:25:59 [vite] rendering chunks...
17:26:00 [vite] computing gzip size...
17:26:00 [vite] dist/assets/page.DVO9SYLt.js                                                0.04 kB │ gzip:  0.06 kB
17:26:00 [vite] dist/assets/preload-helper.BhLMWRjL.js                                      1.11 kB │ gzip:  0.64 kB
17:26:00 [vite] dist/assets/Layout.astro_astro_type_script_index_0_lang.BOzCFd5s.js         1.16 kB │ gzip:  0.57 kB
17:26:00 [vite] dist/assets/client.DijRfZvI.js                                              1.27 kB │ gzip:  0.72 kB
17:26:00 [vite] dist/assets/theme-manager.CRHnzukR.js                                       1.83 kB │ gzip:  0.69 kB
17:26:00 [vite] dist/assets/settings-manager.Dj-WMmrz.js                                    2.14 kB │ gzip:  0.70 kB
17:26:00 [vite] dist/assets/index.B0x9lhG-.js                                               2.19 kB │ gzip:  0.96 kB
17:26:00 [vite] dist/assets/hooks.module.D7cQT316.js                                        2.70 kB │ gzip:  1.15 kB
17:26:00 [vite] dist/assets/smart-preloader.B3VwEX7Q.js                                     3.64 kB │ gzip:  1.19 kB
17:26:00 [vite] dist/assets/juustot.lB5czOiF.js                                             4.06 kB │ gzip:  1.95 kB
17:26:00 [vite] dist/assets/site-interactions.DU1HlxhY.js                                   4.88 kB │ gzip:  1.97 kB
17:26:00 [vite] dist/assets/popover-system.CM7y93CD.js                                      5.26 kB │ gzip:  2.00 kB
17:26:00 [vite] dist/assets/SimpleFilterSystem.Dqhh7DLX.js                                  6.04 kB │ gzip:  2.24 kB
17:26:00 [vite] dist/assets/hedelmät.CGFIHVAQ.js                                            6.41 kB │ gzip:  2.54 kB
17:26:00 [vite] dist/assets/signals.module.CwJFyagN.js                                      7.29 kB │ gzip:  2.70 kB
17:26:00 [vite] dist/assets/preact.module.CskKhNNE.js                                      10.35 kB │ gzip:  4.39 kB
17:26:00 [vite] dist/assets/kasvikset.CDwE9Fdh.js                                          11.22 kB │ gzip:  4.19 kB
17:26:00 [vite] dist/assets/jauhot.BGoSoo63.js                                             12.54 kB │ gzip:  4.32 kB
17:26:00 [vite] dist/assets/ClientRouter.astro_astro_type_script_index_0_lang.BPc3Qeie.js  12.77 kB │ gzip:  4.33 kB
17:26:00 [vite] dist/assets/rasva.CPVsHVoY.js                                              17.47 kB │ gzip:  5.24 kB
17:26:00 [vite] dist/assets/_...slug_.astro_astro_type_script_index_0_lang.D32bCcvO.js     19.64 kB │ gzip:  5.71 kB
17:26:00 [vite] dist/assets/sokeri.DJWIssqt.js                                             22.23 kB │ gzip:  6.75 kB
17:26:00 [vite] dist/assets/equipment.Dz-jLAHk.js                                          24.93 kB │ gzip:  7.57 kB
17:26:00 [vite] dist/assets/maitotuotteet.BKDa2ECj.js                                      26.77 kB │ gzip:  7.45 kB
17:26:00 [vite] dist/assets/mausteet._yYrrKzg.js                                           36.47 kB │ gzip: 10.87 kB
17:26:00 [vite] dist/assets/techniques.CFUD6Mvv.js                                         42.51 kB │ gzip: 13.81 kB
17:26:00 [vite] ✓ built in 847ms

 generating static routes 
17:26:00 ▶ src/pages/hakemisto.astro
17:26:00   └─ /hakemisto/index.html (+22ms) 
17:26:00 ▶ src/pages/reseptit.astro
17:26:00   └─ /reseptit/index.html (+18ms) 
17:26:00 ▶ src/pages/reseptit/[...slug].astro
17:26:00   ├─ /reseptit/raspberry-syrup/index.html (+3ms) 
17:26:00   ├─ /reseptit/hollandaise-kastike/index.html (+1ms) 
17:26:00   ├─ /reseptit/jauhelihakastike/index.html (+2ms) 
17:26:00   ├─ /reseptit/kasvissosekeitto/index.html (+2ms) 
17:26:00   ├─ /reseptit/kevyt-persikkapiiras/index.html (+2ms) 
17:26:00   ├─ /reseptit/pan-seared-entrecôte/index.html (+2ms) 
17:26:00   ├─ /reseptit/perunamuusi/index.html (+2ms) 
17:26:00   ├─ /reseptit/ranskalainen-sipulikeitto/index.html (+2ms) 
17:26:00   ├─ /reseptit/risotto-al-parmigiano/index.html (+1ms) 
17:26:00   ├─ /reseptit/tomaattikastike-pastalle/index.html (+2ms) 
17:26:00   ├─ /reseptit/täydellinen-munakas/index.html (+1ms) 
17:26:00   ├─ /reseptit/täydellinen-proteiinikypsennysteoria/index.html (+1ms) 
17:26:00   ├─ /reseptit/crème-pâtissière/index.html (+1ms) 
17:26:00   ├─ /reseptit/focaccia/index.html (+1ms) 
17:26:00   ├─ /reseptit/keksitaikina/index.html (+1ms) 
17:26:00   ├─ /reseptit/klassinen-ranskalainen-macaron/index.html (+3ms) 
17:26:00   ├─ /reseptit/murotaikina/index.html (+1ms) 
17:26:00   ├─ /reseptit/paahtoleipä-luontaisella-juurella/index.html (+1ms) 
17:26:00   ├─ /reseptit/pannukakku/index.html (+1ms) 
17:26:00   ├─ /reseptit/perusmuffinit/index.html (+2ms) 
17:26:00   ├─ /reseptit/pâte-sucrée/index.html (+1ms) 
17:26:00   ├─ /reseptit/suklaapiiras/index.html (+1ms) 
17:26:00   ├─ /reseptit/tavallinen-kakkupohja/index.html (+1ms) 
17:26:00   ├─ /reseptit/tiikerikakku/index.html (+1ms) 
17:26:00   └─ /reseptit/tuulihattutaikina/index.html (+1ms) 
17:26:00 ▶ src/pages/index.astro
17:26:00   └─ /index.html (+1ms) 
17:26:00 ✓ Completed in 136ms.

17:26:01 [build] 28 page(s) built in 6.71s
17:26:01 [build] Complete!
